#
# There is insufficient memory for the Java Runtime Environment to continue.
# Native memory allocation (mmap) failed to map 36700160 bytes for committing reserved memory.
# Possible reasons:
#   The system is out of physical RAM or swap space
#   In 32 bit mode, the process size limit was hit
# Possible solutions:
#   Reduce memory load on the system
#   Increase physical memory or swap space
#   Check if swap backing store is full
#   Use 64 bit Java on a 64 bit OS
#   Decrease Java heap size (-Xmx/-Xms)
#   Decrease number of Java threads
#   Decrease Java thread stack sizes (-Xss)
#   Set larger code cache with -XX:ReservedCodeCacheSize=
# This output file may be truncated or incomplete.
#
#  Out of Memory Error (os_linux.cpp:2743), pid=23768, tid=0x00007f4ec430a700
#
# JRE version: Java(TM) SE Runtime Environment (8.0_191-b12) (build 1.8.0_191-b12)
# Java VM: Java HotSpot(TM) 64-Bit Server VM (25.191-b12 mixed mode linux-amd64 compressed oops)
# Failed to write core dump. Core dumps have been disabled. To enable core dumping, try "ulimit -c unlimited" before starting Java again
#

---------------  T H R E A D  ---------------

Current thread (0x00007f4ec0123800):  VMThread [stack: 0x00007f4ec420b000,0x00007f4ec430b000] [id=23773]

Stack: [0x00007f4ec420b000,0x00007f4ec430b000],  sp=0x00007f4ec4309430,  free space=1017k
Native frames: (J=compiled Java code, j=interpreted, Vv=VM code, C=native code)
V  [libjvm.so+0xace425]  VMError::report_and_die()+0x2c5
V  [libjvm.so+0x4deb77]  report_vm_out_of_memory(char const*, int, unsigned long, VMErrorType, char const*)+0x67
V  [libjvm.so+0x90c570]  os::pd_commit_memory(char*, unsigned long, unsigned long, bool)+0x100
V  [libjvm.so+0x903eaf]  os::commit_memory(char*, unsigned long, unsigned long, bool)+0x1f
V  [libjvm.so+0x988346]  PSVirtualSpace::expand_by(unsigned long)+0x56
V  [libjvm.so+0x9895d8]  PSYoungGen::resize(unsigned long, unsigned long)+0xd8
V  [libjvm.so+0x985d66]  PSScavenge::invoke_no_policy()+0x1356
V  [libjvm.so+0x98610c]  PSScavenge::invoke()+0x4c
V  [libjvm.so+0x935fb8]  ParallelScavengeHeap::failed_mem_allocate(unsigned long)+0x68
V  [libjvm.so+0xacff53]  VM_ParallelGCFailedAllocation::doit()+0x93
V  [libjvm.so+0xad50f6]  VM_Operation::evaluate()+0x46
V  [libjvm.so+0xad347d]  VMThread::evaluate_operation(VM_Operation*) [clone .constprop.44]+0xcd
V  [libjvm.so+0xad3a3b]  VMThread::loop()+0x37b
V  [libjvm.so+0xad3de8]  VMThread::run()+0x78
V  [libjvm.so+0x909c92]  java_start(Thread*)+0x102

VM_Operation (0x00007f4ec97eb600): ParallelGCFailedAllocation, mode: safepoint, requested by thread 0x00007f4ec0010800


---------------  P R O C E S S  ---------------

Java Threads: ( => current thread )
  0x00007f4e6c029000 JavaThread "JMX server connection timeout 54" daemon [_thread_blocked, id=23870, stack(0x00007f4ea41fb000,0x00007f4ea42fc000)]
  0x00007f4ec0ce7000 JavaThread "HikariPool-1 housekeeper" daemon [_thread_blocked, id=23842, stack(0x00007f4ea42fc000,0x00007f4ea43fd000)]
  0x00007f4ec0bed000 JavaThread "mysql-cj-abandoned-connection-cleanup" daemon [_thread_blocked, id=23837, stack(0x00007f4ea45fd000,0x00007f4ea46fe000)]
  0x00007f4ec09ae800 JavaThread "container-0" [_thread_blocked, id=23836, stack(0x00007f4ea46fe000,0x00007f4ea47ff000)]
  0x00007f4e64363000 JavaThread "Catalina-utility-2" [_thread_blocked, id=23833, stack(0x00007f4eacb19000,0x00007f4eacc1a000)]
  0x00007f4ec09a3000 JavaThread "Catalina-utility-1" [_thread_blocked, id=23832, stack(0x00007f4eace1a000,0x00007f4eacf1b000)]
  0x00007f4e6c014000 JavaThread "RMI Scheduler(0)" daemon [_thread_blocked, id=23795, stack(0x00007f4eacf1b000,0x00007f4ead01c000)]
  0x00007f4e7c001800 JavaThread "RMI TCP Connection(1)-127.0.0.1" daemon [_thread_blocked, id=23792, stack(0x00007f4ead042000,0x00007f4ead143000)]
  0x00007f4e88003000 JavaThread "Attach Listener" daemon [_thread_blocked, id=23789, stack(0x00007f4ead143000,0x00007f4ead244000)]
  0x00007f4e88001000 JavaThread "Attach Listener" daemon [_thread_blocked, id=23788, stack(0x00007f4ead244000,0x00007f4ead345000)]
  0x00007f4ec05b8800 JavaThread "RMI TCP Accept-0" daemon [_thread_in_native, id=23786, stack(0x00007f4ead446000,0x00007f4ead547000)]
  0x00007f4ec04f9800 JavaThread "Service Thread" daemon [_thread_blocked, id=23785, stack(0x00007f4eadb7f000,0x00007f4eadc80000)]
  0x00007f4ec04f6000 JavaThread "C1 CompilerThread1" daemon [_thread_blocked, id=23784, stack(0x00007f4eadc81000,0x00007f4eadd81000)]
  0x00007f4ec04f4000 JavaThread "C2 CompilerThread0" daemon [_thread_blocked, id=23783, stack(0x00007f4eadd82000,0x00007f4eade82000)]
  0x00007f4ec04f1800 JavaThread "Monitor Ctrl-Break" daemon [_thread_in_native, id=23782, stack(0x00007f4eade82000,0x00007f4eadf83000)]
  0x00007f4ec0164000 JavaThread "Signal Dispatcher" daemon [_thread_blocked, id=23781, stack(0x00007f4eae2ff000,0x00007f4eae400000)]
  0x00007f4ec0130000 JavaThread "Finalizer" daemon [_thread_blocked, id=23775, stack(0x00007f4ec4008000,0x00007f4ec4109000)]
  0x00007f4ec012d800 JavaThread "Reference Handler" daemon [_thread_blocked, id=23774, stack(0x00007f4ec4109000,0x00007f4ec420a000)]
  0x00007f4ec0010800 JavaThread "main" [_thread_blocked, id=23769, stack(0x00007f4ec96f0000,0x00007f4ec97f0000)]

Other Threads:
=>0x00007f4ec0123800 VMThread [stack: 0x00007f4ec420b000,0x00007f4ec430b000] [id=23773]
  0x00007f4ec05cf000 WatcherThread [stack: 0x00007f4ead346000,0x00007f4ead446000] [id=23787]

VM state:at safepoint (normal execution)

VM Mutex/Monitor currently owned by a thread:  ([mutex/lock_event])
[0x00007f4ec000b700] Threads_lock - owner thread: 0x00007f4ec0123800
[0x00007f4ec000d330] Heap_lock - owner thread: 0x00007f4ec0010800

Heap:
 PSYoungGen      total 140800K, used 12128K [0x00000000ea000000, 0x00000000f3b00000, 0x0000000100000000)
  eden space 128000K, 0% used [0x00000000ea000000,0x00000000ea000000,0x00000000f1d00000)
  from space 12800K, 94% used [0x00000000f1d00000,0x00000000f28d8008,0x00000000f2980000)
  to   space 10240K, 0% used [0x00000000f2980000,0x00000000f2980000,0x00000000f3380000)
 ParOldGen       total 59904K, used 18425K [0x00000000be000000, 0x00000000c1a80000, 0x00000000ea000000)
  object space 59904K, 30% used [0x00000000be000000,0x00000000bf1fe648,0x00000000c1a80000)
 Metaspace       used 44304K, capacity 46174K, committed 46336K, reserved 1089536K
  class space    used 6182K, capacity 6540K, committed 6656K, reserved 1048576K

Card table byte_map: [0x00007f4ec5fb3000,0x00007f4ec61c4000] byte_map_base: 0x00007f4ec59c3000

Marking Bits: (ParMarkBitMap*) 0x00007f4ec8b97d40
 Begin Bits: [0x00007f4eaef00000, 0x00007f4eaff80000)
 End Bits:   [0x00007f4eaff80000, 0x00007f4eb1000000)

Polling page: 0x00007f4ec9807000

CodeCache: size=245760Kb used=8043Kb max_used=8043Kb free=237716Kb
 bounds [0x00007f4eb1000000, 0x00007f4eb17e0000, 0x00007f4ec0000000]
 total_blobs=4542 nmethods=4038 adapters=416
 compilation: enabled

Compilation events (10 events):
Event: 27,398 Thread 0x00007f4ec04f6000 4081       1       net.bytebuddy.description.method.MethodDescription$InDefinedShape$AbstractBase::asDefined (2 bytes)
Event: 27,398 Thread 0x00007f4ec04f6000 nmethod 4081 0x00007f4eb17da110 code [0x00007f4eb17da260, 0x00007f4eb17da370]
Event: 27,399 Thread 0x00007f4ec04f6000 4082       1       net.bytebuddy.description.field.FieldDescription$Latent::getType (17 bytes)
Event: 27,400 Thread 0x00007f4ec04f6000 nmethod 4082 0x00007f4eb17da3d0 code [0x00007f4eb17da560, 0x00007f4eb17da7e8]
Event: 27,400 Thread 0x00007f4ec04f6000 4083       1       net.bytebuddy.description.type.TypeDescription$Generic$Visitor$Substitutor$ForAttachment::of (25 bytes)
Event: 27,401 Thread 0x00007f4ec04f6000 nmethod 4083 0x00007f4eb17da910 code [0x00007f4eb17daaa0, 0x00007f4eb17dacf8]
Event: 27,401 Thread 0x00007f4ec04f6000 4085       1       net.bytebuddy.jar.asm.Type::getDescriptor (18 bytes)
Event: 27,402 Thread 0x00007f4ec04f6000 nmethod 4085 0x00007f4eb17dae10 code [0x00007f4eb17daf80, 0x00007f4eb17db218]
Event: 27,402 Thread 0x00007f4ec04f6000 4084       1       net.bytebuddy.description.annotation.AnnotationDescription$ForLoadedAnnotation::getAnnotationType (13 bytes)
Event: 27,404 Thread 0x00007f4ec04f6000 nmethod 4084 0x00007f4eb17db350 code [0x00007f4eb17db4e0, 0x00007f4eb17db7a8]

GC Heap History (10 events):
Event: 6,399 GC heap after
Heap after GC invocations=8 (full 1):
 PSYoungGen      total 75776K, used 4154K [0x00000000ea000000, 0x00000000f1280000, 0x0000000100000000)
  eden space 69632K, 0% used [0x00000000ea000000,0x00000000ea000000,0x00000000ee400000)
  from space 6144K, 67% used [0x00000000ee400000,0x00000000ee80ea90,0x00000000eea00000)
  to   space 6144K, 0% used [0x00000000f0c80000,0x00000000f0c80000,0x00000000f1280000)
 ParOldGen       total 36352K, used 8081K [0x00000000be000000, 0x00000000c0380000, 0x00000000ea000000)
  object space 36352K, 22% used [0x00000000be000000,0x00000000be7e45f8,0x00000000c0380000)
 Metaspace       used 22408K, capacity 23222K, committed 23552K, reserved 1069056K
  class space    used 2993K, capacity 3212K, committed 3328K, reserved 1048576K
}
Event: 8,717 GC heap before
{Heap before GC invocations=9 (full 1):
 PSYoungGen      total 75776K, used 73786K [0x00000000ea000000, 0x00000000f1280000, 0x0000000100000000)
  eden space 69632K, 100% used [0x00000000ea000000,0x00000000ee400000,0x00000000ee400000)
  from space 6144K, 67% used [0x00000000ee400000,0x00000000ee80ea90,0x00000000eea00000)
  to   space 6144K, 0% used [0x00000000f0c80000,0x00000000f0c80000,0x00000000f1280000)
 ParOldGen       total 36352K, used 8081K [0x00000000be000000, 0x00000000c0380000, 0x00000000ea000000)
  object space 36352K, 22% used [0x00000000be000000,0x00000000be7e45f8,0x00000000c0380000)
 Metaspace       used 26257K, capacity 27450K, committed 27776K, reserved 1073152K
  class space    used 3564K, capacity 3848K, committed 3968K, reserved 1048576K
Event: 8,774 GC heap after
Heap after GC invocations=9 (full 1):
 PSYoungGen      total 109056K, used 6138K [0x00000000ea000000, 0x00000000f1380000, 0x0000000100000000)
  eden space 102912K, 0% used [0x00000000ea000000,0x00000000ea000000,0x00000000f0480000)
  from space 6144K, 99% used [0x00000000f0c80000,0x00000000f127e848,0x00000000f1280000)
  to   space 7680K, 0% used [0x00000000f0480000,0x00000000f0480000,0x00000000f0c00000)
 ParOldGen       total 36352K, used 10683K [0x00000000be000000, 0x00000000c0380000, 0x00000000ea000000)
  object space 36352K, 29% used [0x00000000be000000,0x00000000bea6eeb0,0x00000000c0380000)
 Metaspace       used 26257K, capacity 27450K, committed 27776K, reserved 1073152K
  class space    used 3564K, capacity 3848K, committed 3968K, reserved 1048576K
}
Event: 11,341 GC heap before
{Heap before GC invocations=10 (full 1):
 PSYoungGen      total 109056K, used 109050K [0x00000000ea000000, 0x00000000f1380000, 0x0000000100000000)
  eden space 102912K, 100% used [0x00000000ea000000,0x00000000f0480000,0x00000000f0480000)
  from space 6144K, 99% used [0x00000000f0c80000,0x00000000f127e848,0x00000000f1280000)
  to   space 7680K, 0% used [0x00000000f0480000,0x00000000f0480000,0x00000000f0c00000)
 ParOldGen       total 36352K, used 10683K [0x00000000be000000, 0x00000000c0380000, 0x00000000ea000000)
  object space 36352K, 29% used [0x00000000be000000,0x00000000bea6eeb0,0x00000000c0380000)
 Metaspace       used 29823K, capacity 31388K, committed 31616K, reserved 1077248K
  class space    used 4020K, capacity 4359K, committed 4480K, reserved 1048576K
Event: 11,388 GC heap after
Heap after GC invocations=10 (full 1):
 PSYoungGen      total 110592K, used 7657K [0x00000000ea000000, 0x00000000f3380000, 0x0000000100000000)
  eden space 102912K, 0% used [0x00000000ea000000,0x00000000ea000000,0x00000000f0480000)
  from space 7680K, 99% used [0x00000000f0480000,0x00000000f0bfa5b0,0x00000000f0c00000)
  to   space 10240K, 0% used [0x00000000f2980000,0x00000000f2980000,0x00000000f3380000)
 ParOldGen       total 36352K, used 14214K [0x00000000be000000, 0x00000000c0380000, 0x00000000ea000000)
  object space 36352K, 39% used [0x00000000be000000,0x00000000bede1af8,0x00000000c0380000)
 Metaspace       used 29823K, capacity 31388K, committed 31616K, reserved 1077248K
  class space    used 4020K, capacity 4359K, committed 4480K, reserved 1048576K
}
Event: 13,722 GC heap before
{Heap before GC invocations=11 (full 1):
 PSYoungGen      total 110592K, used 72152K [0x00000000ea000000, 0x00000000f3380000, 0x0000000100000000)
  eden space 102912K, 62% used [0x00000000ea000000,0x00000000edefbd40,0x00000000f0480000)
  from space 7680K, 99% used [0x00000000f0480000,0x00000000f0bfa5b0,0x00000000f0c00000)
  to   space 10240K, 0% used [0x00000000f2980000,0x00000000f2980000,0x00000000f3380000)
 ParOldGen       total 36352K, used 14214K [0x00000000be000000, 0x00000000c0380000, 0x00000000ea000000)
  object space 36352K, 39% used [0x00000000be000000,0x00000000bede1af8,0x00000000c0380000)
 Metaspace       used 33705K, capacity 35426K, committed 35496K, reserved 1079296K
  class space    used 4460K, capacity 4794K, committed 4864K, reserved 1048576K
Event: 13,852 GC heap after
Heap after GC invocations=11 (full 1):
 PSYoungGen      total 138240K, used 10218K [0x00000000ea000000, 0x00000000f3b00000, 0x0000000100000000)
  eden space 128000K, 0% used [0x00000000ea000000,0x00000000ea000000,0x00000000f1d00000)
  from space 10240K, 99% used [0x00000000f2980000,0x00000000f337aa68,0x00000000f3380000)
  to   space 12800K, 0% used [0x00000000f1d00000,0x00000000f1d00000,0x00000000f2980000)
 ParOldGen       total 36352K, used 17396K [0x00000000be000000, 0x00000000c0380000, 0x00000000ea000000)
  object space 36352K, 47% used [0x00000000be000000,0x00000000bf0fd168,0x00000000c0380000)
 Metaspace       used 33705K, capacity 35426K, committed 35496K, reserved 1079296K
  class space    used 4460K, capacity 4794K, committed 4864K, reserved 1048576K
}
Event: 13,853 GC heap before
{Heap before GC invocations=12 (full 2):
 PSYoungGen      total 138240K, used 10218K [0x00000000ea000000, 0x00000000f3b00000, 0x0000000100000000)
  eden space 128000K, 0% used [0x00000000ea000000,0x00000000ea000000,0x00000000f1d00000)
  from space 10240K, 99% used [0x00000000f2980000,0x00000000f337aa68,0x00000000f3380000)
  to   space 12800K, 0% used [0x00000000f1d00000,0x00000000f1d00000,0x00000000f2980000)
 ParOldGen       total 36352K, used 17396K [0x00000000be000000, 0x00000000c0380000, 0x00000000ea000000)
  object space 36352K, 47% used [0x00000000be000000,0x00000000bf0fd168,0x00000000c0380000)
 Metaspace       used 33705K, capacity 35426K, committed 35496K, reserved 1079296K
  class space    used 4460K, capacity 4794K, committed 4864K, reserved 1048576K
Event: 14,044 GC heap after
Heap after GC invocations=12 (full 2):
 PSYoungGen      total 138240K, used 0K [0x00000000ea000000, 0x00000000f3b00000, 0x0000000100000000)
  eden space 128000K, 0% used [0x00000000ea000000,0x00000000ea000000,0x00000000f1d00000)
  from space 10240K, 0% used [0x00000000f2980000,0x00000000f2980000,0x00000000f3380000)
  to   space 12800K, 0% used [0x00000000f1d00000,0x00000000f1d00000,0x00000000f2980000)
 ParOldGen       total 59904K, used 18417K [0x00000000be000000, 0x00000000c1a80000, 0x00000000ea000000)
  object space 59904K, 30% used [0x00000000be000000,0x00000000bf1fc648,0x00000000c1a80000)
 Metaspace       used 33705K, capacity 35426K, committed 35496K, reserved 1079296K
  class space    used 4460K, capacity 4794K, committed 4864K, reserved 1048576K
}
Event: 27,635 GC heap before
{Heap before GC invocations=13 (full 2):
 PSYoungGen      total 138240K, used 128000K [0x00000000ea000000, 0x00000000f3b00000, 0x0000000100000000)
  eden space 128000K, 100% used [0x00000000ea000000,0x00000000f1d00000,0x00000000f1d00000)
  from space 10240K, 0% used [0x00000000f2980000,0x00000000f2980000,0x00000000f3380000)
  to   space 12800K, 0% used [0x00000000f1d00000,0x00000000f1d00000,0x00000000f2980000)
 ParOldGen       total 59904K, used 18417K [0x00000000be000000, 0x00000000c1a80000, 0x00000000ea000000)
  object space 59904K, 30% used [0x00000000be000000,0x00000000bf1fc648,0x00000000c1a80000)
 Metaspace       used 44304K, capacity 46174K, committed 46336K, reserved 1089536K
  class space    used 6182K, capacity 6540K, committed 6656K, reserved 1048576K

Deoptimization events (0 events):
No events

Classes redefined (0 events):
No events

Internal exceptions (10 events):
Event: 21,331 Thread 0x00007f4ec0010800 Exception <a 'java/lang/ArrayIndexOutOfBoundsException'> (0x00000000efdbf5f0) thrown at [/HUDSON/workspace/8-2-build-linux-amd64/jdk8u191/11894/hotspot/src/share/vm/runtime/sharedRuntime.cpp, line 605]
Event: 21,335 Thread 0x00007f4ec0010800 Exception <a 'java/lang/ArrayIndexOutOfBoundsException'> (0x00000000efdebab8) thrown at [/HUDSON/workspace/8-2-build-linux-amd64/jdk8u191/11894/hotspot/src/share/vm/runtime/sharedRuntime.cpp, line 605]
Event: 21,336 Thread 0x00007f4ec0010800 Exception <a 'java/lang/ArrayIndexOutOfBoundsException'> (0x00000000efdecd18) thrown at [/HUDSON/workspace/8-2-build-linux-amd64/jdk8u191/11894/hotspot/src/share/vm/runtime/sharedRuntime.cpp, line 605]
Event: 22,749 Thread 0x00007f4ec0010800 Exception <a 'java/lang/ArrayIndexOutOfBoundsException'> (0x00000000f0b57810) thrown at [/HUDSON/workspace/8-2-build-linux-amd64/jdk8u191/11894/hotspot/src/share/vm/runtime/sharedRuntime.cpp, line 605]
Event: 22,761 Thread 0x00007f4ec0010800 Exception <a 'java/lang/ArrayIndexOutOfBoundsException'> (0x00000000f0b7a100) thrown at [/HUDSON/workspace/8-2-build-linux-amd64/jdk8u191/11894/hotspot/src/share/vm/runtime/sharedRuntime.cpp, line 605]
Event: 22,761 Thread 0x00007f4ec0010800 Exception <a 'java/lang/ArrayIndexOutOfBoundsException'> (0x00000000f0b7b978) thrown at [/HUDSON/workspace/8-2-build-linux-amd64/jdk8u191/11894/hotspot/src/share/vm/runtime/sharedRuntime.cpp, line 605]
Event: 23,185 Thread 0x00007f4ec0010800 Exception <a 'java/lang/ArrayIndexOutOfBoundsException'> (0x00000000f14b3da8) thrown at [/HUDSON/workspace/8-2-build-linux-amd64/jdk8u191/11894/hotspot/src/share/vm/runtime/sharedRuntime.cpp, line 605]
Event: 23,185 Thread 0x00007f4ec0010800 Exception <a 'java/lang/ArrayIndexOutOfBoundsException'> (0x00000000f14b5200) thrown at [/HUDSON/workspace/8-2-build-linux-amd64/jdk8u191/11894/hotspot/src/share/vm/runtime/sharedRuntime.cpp, line 605]
Event: 27,258 Thread 0x00007f4ec0010800 Exception <a 'java/lang/ArrayIndexOutOfBoundsException'> (0x00000000f1c6caf8) thrown at [/HUDSON/workspace/8-2-build-linux-amd64/jdk8u191/11894/hotspot/src/share/vm/runtime/sharedRuntime.cpp, line 605]
Event: 27,260 Thread 0x00007f4ec0010800 Exception <a 'java/lang/ArrayIndexOutOfBoundsException'> (0x00000000f1c6e268) thrown at [/HUDSON/workspace/8-2-build-linux-amd64/jdk8u191/11894/hotspot/src/share/vm/runtime/sharedRuntime.cpp, line 605]

Events (10 events):
Event: 25,465 Executing VM operation: RevokeBias done
Event: 25,465 Thread 0x00007f4e6c029000 Thread exited: 0x00007f4e6c029000
Event: 25,571 loading class pl/coderslab/IntraCarLease/entity/Messages$HibernateProxy$FJvzoiDk
Event: 25,574 loading class pl/coderslab/IntraCarLease/entity/Messages$HibernateProxy$FJvzoiDk done
Event: 26,223 Thread 0x00007f4e6c029000 Thread added: 0x00007f4e6c029000
Event: 26,394 loading class pl/coderslab/IntraCarLease/entity/Employee$HibernateProxy$hvsHC9Ub
Event: 26,474 loading class pl/coderslab/IntraCarLease/entity/Employee$HibernateProxy$hvsHC9Ub done
Event: 26,969 loading class pl/coderslab/IntraCarLease/entity/Invoice$HibernateProxy$6ntLjyQK
Event: 27,022 loading class pl/coderslab/IntraCarLease/entity/Invoice$HibernateProxy$6ntLjyQK done
Event: 27,427 Executing VM operation: ParallelGCFailedAllocation


Dynamic libraries:
00400000-00401000 r-xp 00000000 08:01 532477                             /usr/lib/jvm/java-8-oracle/bin/java
00600000-00601000 r--p 00000000 08:01 532477                             /usr/lib/jvm/java-8-oracle/bin/java
00601000-00602000 rw-p 00001000 08:01 532477                             /usr/lib/jvm/java-8-oracle/bin/java
00dff000-00e20000 rw-p 00000000 00:00 0                                  [heap]
be000000-c1a80000 rw-p 00000000 00:00 0 
c1a80000-ea000000 ---p 00000000 00:00 0 
ea000000-f3b00000 rw-p 00000000 00:00 0 
f5e00000-100000000 ---p 00000000 00:00 0 
100000000-100680000 rw-p 00000000 00:00 0 
100680000-140000000 ---p 00000000 00:00 0 
7f4e4f600000-7f4e4f6c0000 rw-p 00000000 00:00 0 
7f4e4f6c0000-7f4e4f800000 ---p 00000000 00:00 0 
7f4e4f800000-7f4e4fa00000 rw-p 00000000 00:00 0 
7f4e4fa00000-7f4e4fc00000 rw-p 00000000 00:00 0 
7f4e4fc00000-7f4e4fe00000 rw-p 00000000 00:00 0 
7f4e4fe00000-7f4e50000000 rw-p 00000000 00:00 0 
7f4e50000000-7f4e50021000 rw-p 00000000 00:00 0 
7f4e50021000-7f4e54000000 ---p 00000000 00:00 0 
7f4e54000000-7f4e54021000 rw-p 00000000 00:00 0 
7f4e54021000-7f4e58000000 ---p 00000000 00:00 0 
7f4e58000000-7f4e58021000 rw-p 00000000 00:00 0 
7f4e58021000-7f4e5c000000 ---p 00000000 00:00 0 
7f4e5c000000-7f4e5c021000 rw-p 00000000 00:00 0 
7f4e5c021000-7f4e60000000 ---p 00000000 00:00 0 
7f4e60000000-7f4e60021000 rw-p 00000000 00:00 0 
7f4e60021000-7f4e64000000 ---p 00000000 00:00 0 
7f4e64000000-7f4e64365000 rw-p 00000000 00:00 0 
7f4e64365000-7f4e68000000 ---p 00000000 00:00 0 
7f4e68000000-7f4e68021000 rw-p 00000000 00:00 0 
7f4e68021000-7f4e6c000000 ---p 00000000 00:00 0 
7f4e6c000000-7f4e6c459000 rw-p 00000000 00:00 0 
7f4e6c459000-7f4e70000000 ---p 00000000 00:00 0 
7f4e70000000-7f4e70021000 rw-p 00000000 00:00 0 
7f4e70021000-7f4e74000000 ---p 00000000 00:00 0 
7f4e74000000-7f4e74021000 rw-p 00000000 00:00 0 
7f4e74021000-7f4e78000000 ---p 00000000 00:00 0 
7f4e78000000-7f4e78021000 rw-p 00000000 00:00 0 
7f4e78021000-7f4e7c000000 ---p 00000000 00:00 0 
7f4e7c000000-7f4e7c021000 rw-p 00000000 00:00 0 
7f4e7c021000-7f4e80000000 ---p 00000000 00:00 0 
7f4e80000000-7f4e8005e000 rw-p 00000000 00:00 0 
7f4e8005e000-7f4e84000000 ---p 00000000 00:00 0 
7f4e84000000-7f4e8468b000 rw-p 00000000 00:00 0 
7f4e8468b000-7f4e88000000 ---p 00000000 00:00 0 
7f4e88000000-7f4e88021000 rw-p 00000000 00:00 0 
7f4e88021000-7f4e8c000000 ---p 00000000 00:00 0 
7f4e8c000000-7f4e8c021000 rw-p 00000000 00:00 0 
7f4e8c021000-7f4e90000000 ---p 00000000 00:00 0 
7f4e90000000-7f4e90021000 rw-p 00000000 00:00 0 
7f4e90021000-7f4e94000000 ---p 00000000 00:00 0 
7f4e94000000-7f4e94021000 rw-p 00000000 00:00 0 
7f4e94021000-7f4e98000000 ---p 00000000 00:00 0 
7f4e98000000-7f4e98021000 rw-p 00000000 00:00 0 
7f4e98021000-7f4e9c000000 ---p 00000000 00:00 0 
7f4e9c000000-7f4e9c29b000 rw-p 00000000 00:00 0 
7f4e9c29b000-7f4ea0000000 ---p 00000000 00:00 0 
7f4ea0000000-7f4ea0023000 rw-p 00000000 00:00 0 
7f4ea0023000-7f4ea4000000 ---p 00000000 00:00 0 
7f4ea40fa000-7f4ea40fd000 ---p 00000000 00:00 0 
7f4ea40fd000-7f4ea41fb000 rw-p 00000000 00:00 0 
7f4ea41fb000-7f4ea41fe000 ---p 00000000 00:00 0 
7f4ea41fe000-7f4ea42fc000 rw-p 00000000 00:00 0 
7f4ea42fc000-7f4ea42ff000 ---p 00000000 00:00 0 
7f4ea42ff000-7f4ea45fd000 rw-p 00000000 00:00 0 
7f4ea45fd000-7f4ea4600000 ---p 00000000 00:00 0 
7f4ea4600000-7f4ea46fe000 rw-p 00000000 00:00 0 
7f4ea46fe000-7f4ea4701000 ---p 00000000 00:00 0 
7f4ea4701000-7f4ea49ff000 rw-p 00000000 00:00 0 
7f4ea49ff000-7f4ea4bff000 rw-p 00000000 00:00 0 
7f4ea4bff000-7f4ea4dff000 rw-p 00000000 00:00 0 
7f4ea4dff000-7f4ea4fff000 rw-p 00000000 00:00 0 
7f4ea4fff000-7f4ea8000000 rw-p 00000000 00:00 0 
7f4ea8000000-7f4ea8027000 rw-p 00000000 00:00 0 
7f4ea8027000-7f4eac000000 ---p 00000000 00:00 0 
7f4eac07e000-7f4eac083000 r--s 002f9000 08:01 2109998                    /usr/lib/jvm/java-8-oracle/jre/lib/charsets.jar
7f4eac083000-7f4eac283000 rw-p 00000000 00:00 0 
7f4eac283000-7f4eac483000 rw-p 00000000 00:00 0 
7f4eac483000-7f4eac683000 rw-p 00000000 00:00 0 
7f4eac683000-7f4eac883000 rw-p 00000000 00:00 0 
7f4eac883000-7f4eac919000 r--s 0110e000 08:01 2110032                    /usr/lib/jvm/java-8-oracle/jre/lib/ext/jfxrt.jar
7f4eac919000-7f4eacb19000 rw-p 00000000 00:00 0 
7f4eacb19000-7f4eacb1c000 ---p 00000000 00:00 0 
7f4eacb1c000-7f4eace1a000 rw-p 00000000 00:00 0 
7f4eace1a000-7f4eace1d000 ---p 00000000 00:00 0 
7f4eace1d000-7f4eacf1b000 rw-p 00000000 00:00 0 
7f4eacf1b000-7f4eacf1e000 ---p 00000000 00:00 0 
7f4eacf1e000-7f4ead01c000 rw-p 00000000 00:00 0 
7f4ead01c000-7f4ead038000 r--s 00393000 08:01 2110031                    /usr/lib/jvm/java-8-oracle/jre/lib/ext/cldrdata.jar
7f4ead038000-7f4ead042000 r--s 00116000 08:01 2110038                    /usr/lib/jvm/java-8-oracle/jre/lib/ext/localedata.jar
7f4ead042000-7f4ead045000 ---p 00000000 00:00 0 
7f4ead045000-7f4ead143000 rw-p 00000000 00:00 0 
7f4ead143000-7f4ead146000 ---p 00000000 00:00 0 
7f4ead146000-7f4ead244000 rw-p 00000000 00:00 0 
7f4ead244000-7f4ead247000 ---p 00000000 00:00 0 
7f4ead247000-7f4ead345000 rw-p 00000000 00:00 0 
7f4ead345000-7f4ead346000 ---p 00000000 00:00 0 
7f4ead346000-7f4ead446000 rw-p 00000000 00:00 0 
7f4ead446000-7f4ead449000 ---p 00000000 00:00 0 
7f4ead449000-7f4ead547000 rw-p 00000000 00:00 0 
7f4ead547000-7f4ead54c000 r--s 000a0000 08:01 2110005                    /usr/lib/jvm/java-8-oracle/jre/lib/jsse.jar
7f4ead54c000-7f4ead55d000 r-xp 00000000 08:01 2110118                    /usr/lib/jvm/java-8-oracle/jre/lib/amd64/libnio.so
7f4ead55d000-7f4ead75c000 ---p 00011000 08:01 2110118                    /usr/lib/jvm/java-8-oracle/jre/lib/amd64/libnio.so
7f4ead75c000-7f4ead75d000 r--p 00010000 08:01 2110118                    /usr/lib/jvm/java-8-oracle/jre/lib/amd64/libnio.so
7f4ead75d000-7f4ead75e000 rw-p 00011000 08:01 2110118                    /usr/lib/jvm/java-8-oracle/jre/lib/amd64/libnio.so
7f4ead75e000-7f4ead766000 r-xp 00000000 08:01 2110123                    /usr/lib/jvm/java-8-oracle/jre/lib/amd64/libmanagement.so
7f4ead766000-7f4ead966000 ---p 00008000 08:01 2110123                    /usr/lib/jvm/java-8-oracle/jre/lib/amd64/libmanagement.so
7f4ead966000-7f4ead967000 r--p 00008000 08:01 2110123                    /usr/lib/jvm/java-8-oracle/jre/lib/amd64/libmanagement.so
7f4ead967000-7f4ead968000 rw-p 00009000 08:01 2110123                    /usr/lib/jvm/java-8-oracle/jre/lib/amd64/libmanagement.so
7f4ead968000-7f4ead97e000 r-xp 00000000 08:01 2110115                    /usr/lib/jvm/java-8-oracle/jre/lib/amd64/libnet.so
7f4ead97e000-7f4eadb7d000 ---p 00016000 08:01 2110115                    /usr/lib/jvm/java-8-oracle/jre/lib/amd64/libnet.so
7f4eadb7d000-7f4eadb7e000 r--p 00015000 08:01 2110115                    /usr/lib/jvm/java-8-oracle/jre/lib/amd64/libnet.so
7f4eadb7e000-7f4eadb7f000 rw-p 00016000 08:01 2110115                    /usr/lib/jvm/java-8-oracle/jre/lib/amd64/libnet.so
7f4eadb7f000-7f4eadb82000 ---p 00000000 00:00 0 
7f4eadb82000-7f4eadc80000 rw-p 00000000 00:00 0 
7f4eadc80000-7f4eadc81000 ---p 00000000 00:00 0 
7f4eadc81000-7f4eadc84000 ---p 00000000 00:00 0 
7f4eadc84000-7f4eadd81000 rw-p 00000000 00:00 0 
7f4eadd81000-7f4eadd82000 ---p 00000000 00:00 0 
7f4eadd82000-7f4eadd85000 ---p 00000000 00:00 0 
7f4eadd85000-7f4eade82000 rw-p 00000000 00:00 0 
7f4eade82000-7f4eade85000 ---p 00000000 00:00 0 
7f4eade85000-7f4eadf83000 rw-p 00000000 00:00 0 
7f4eadf83000-7f4eadf85000 r--s 0001a000 08:01 1837724                    /home/roberto/Desktop/ideaIU-2018.2.6/idea-IU-182.5107.16/lib/idea_rt.jar
7f4eadf85000-7f4eadf87000 r--s 00009000 08:01 1969839                    /home/roberto/.m2/repository/org/slf4j/slf4j-api/1.7.26/slf4j-api-1.7.26.jar
7f4eadf87000-7f4eadf8b000 r--s 0001a000 08:01 132802                     /home/roberto/.m2/repository/org/aspectj/aspectjrt/1.9.4/aspectjrt-1.9.4.jar
7f4eadf8b000-7f4eadf97000 r--s 00099000 08:01 918281                     /home/roberto/.m2/repository/org/springframework/spring-beans/5.1.8.RELEASE/spring-beans-5.1.8.RELEASE.jar
7f4eadf97000-7f4eadf9f000 r--s 00037000 08:01 146556                     /home/roberto/.m2/repository/org/springframework/spring-tx/5.1.8.RELEASE/spring-tx-5.1.8.RELEASE.jar
7f4eadf9f000-7f4eadfa9000 r--s 00051000 08:01 918277                     /home/roberto/.m2/repository/org/springframework/spring-aop/5.1.8.RELEASE/spring-aop-5.1.8.RELEASE.jar
7f4eadfa9000-7f4eadfc3000 r--s 000f4000 08:01 918274                     /home/roberto/.m2/repository/org/springframework/spring-context/5.1.8.RELEASE/spring-context-5.1.8.RELEASE.jar
7f4eadfc3000-7f4eadfc7000 r--s 0002d000 08:01 146572                     /home/roberto/.m2/repository/org/springframework/spring-orm/5.1.8.RELEASE/spring-orm-5.1.8.RELEASE.jar
7f4eadfc7000-7f4eadfdf000 r--s 00107000 08:01 146570                     /home/roberto/.m2/repository/org/springframework/data/spring-data-commons/2.1.9.RELEASE/spring-data-commons-2.1.9.RELEASE.jar
7f4eadfdf000-7f4eadfe7000 r--s 0004f000 08:01 1969776                    /home/roberto/.m2/repository/org/springframework/data/spring-data-jpa/2.1.8.RELEASE/spring-data-jpa-2.1.8.RELEASE.jar
7f4eadfe7000-7f4eadfe8000 r--s 00004000 08:01 921794                     /home/roberto/.m2/repository/org/mindrot/jbcrypt/0.4/jbcrypt-0.4.jar
7f4eadfe8000-7f4eadfea000 r--s 0000f000 08:01 1969823                    /home/roberto/.m2/repository/com/fasterxml/classmate/1.4.0/classmate-1.4.0.jar
7f4eadfea000-7f4eadfec000 r--s 0000f000 08:01 408180                     /home/roberto/.m2/repository/org/jboss/logging/jboss-logging/3.3.2.Final/jboss-logging-3.3.2.Final.jar
7f4eadfec000-7f4eadff1000 r--s 00012000 08:01 1969821                    /home/roberto/.m2/repository/javax/validation/validation-api/2.0.1.Final/validation-api-2.0.1.Final.jar
7f4eadff1000-7f4eae00e000 r--s 000fe000 08:01 1969819                    /home/roberto/.m2/repository/org/hibernate/validator/hibernate-validator/6.0.16.Final/hibernate-validator-6.0.16.Final.jar
7f4eae00e000-7f4eae018000 r--s 0005c000 08:01 1848272                    /home/roberto/.m2/repository/javax/servlet/jstl/1.2/jstl-1.2.jar
7f4eae018000-7f4eae030000 r--s 00299000 08:01 1842859                    /home/roberto/.m2/repository/org/eclipse/jdt/ecj/3.16.0/ecj-3.16.0.jar
7f4eae030000-7f4eae035000 r--s 00039000 08:01 146568                     /home/roberto/.m2/repository/org/apache/tomcat/embed/tomcat-embed-el/9.0.21/tomcat-embed-el-9.0.21.jar
7f4eae035000-7f4eae037000 r--s 00002000 08:01 146566                     /home/roberto/.m2/repository/org/apache/tomcat/tomcat-annotations-api/9.0.21/tomcat-annotations-api-9.0.21.jar
7f4eae037000-7f4eae062000 r--s 00306000 08:01 146561                     /home/roberto/.m2/repository/org/apache/tomcat/embed/tomcat-embed-core/9.0.21/tomcat-embed-core-9.0.21.jar
7f4eae062000-7f4eae06a000 r--s 0008f000 08:01 1728856                    /home/roberto/.m2/repository/org/apache/tomcat/embed/tomcat-embed-jasper/9.0.21/tomcat-embed-jasper-9.0.21.jar
7f4eae06a000-7f4eae097000 r--s 0033d000 08:01 1319326                    /home/roberto/.m2/repository/org/glassfish/javax.faces/2.3.7/javax.faces-2.3.7.jar
7f4eae097000-7f4eae0af000 r--s 00218000 08:01 1728912                    /home/roberto/.m2/repository/mysql/mysql-connector-java/8.0.16/mysql-connector-java-8.0.16.jar
7f4eae0af000-7f4eae0c2000 r--s 00201000 08:01 1970470                    /home/roberto/.m2/repository/com/h2database/h2/1.4.199/h2-1.4.199.jar
7f4eae0c2000-7f4eae0c4000 r--s 0000f000 08:01 2114104                    /home/roberto/.m2/repository/javax/activation/activation/1.1.1/activation-1.1.1.jar
7f4eae0c4000-7f4eae0c6000 r--s 0000a000 08:01 146562                     /home/roberto/.m2/repository/org/springframework/spring-aspects/5.1.8.RELEASE/spring-aspects-5.1.8.RELEASE.jar
7f4eae0c6000-7f4eae0c9000 r--s 00010000 08:01 1969783                    /home/roberto/.m2/repository/org/hibernate/common/hibernate-commons-annotations/5.0.4.Final/hibernate-commons-annotations-5.0.4.Final.jar
7f4eae0c9000-7f4eae0ce000 r--s 0004b000 08:01 1969782                    /home/roberto/.m2/repository/org/dom4j/dom4j/2.1.1/dom4j-2.1.1.jar
7f4eae0ce000-7f4eae0d1000 r--s 0002b000 08:01 1969775                    /home/roberto/.m2/repository/org/jboss/jandex/2.0.5.Final/jandex-2.0.5.Final.jar
7f4eae0d1000-7f4eae0d6000 r--s 00068000 08:01 1835949                    /home/roberto/.m2/repository/antlr/antlr/2.7.7/antlr-2.7.7.jar
7f4eae0d6000-7f4eae0e1000 r--s 000b2000 08:01 1969774                    /home/roberto/.m2/repository/org/javassist/javassist/3.23.2-GA/javassist-3.23.2-GA.jar
7f4eae0e1000-7f4eae0e7000 r--s 00023000 08:01 1969771                    /home/roberto/.m2/repository/javax/persistence/javax.persistence-api/2.2/javax.persistence-api-2.2.jar
7f4eae0e7000-7f4eae169000 r--s 00627000 08:01 1728914                    /home/roberto/.m2/repository/org/hibernate/hibernate-core/5.3.10.Final/hibernate-core-5.3.10.Final.jar
7f4eae169000-7f4eae16b000 r--s 0000c000 08:01 1969780                    /home/roberto/.m2/repository/javax/activation/javax.activation-api/1.2.0/javax.activation-api-1.2.0.jar
7f4eae16b000-7f4eae16f000 r--s 0001c000 08:01 132621                     /home/roberto/.m2/repository/javax/xml/bind/jaxb-api/2.3.1/jaxb-api-2.3.1.jar
7f4eae16f000-7f4eae170000 r--s 00006000 08:01 1969767                    /home/roberto/.m2/repository/javax/transaction/javax.transaction-api/1.3/javax.transaction-api-1.3.jar
7f4eae170000-7f4eae179000 r--s 0005a000 08:01 146549                     /home/roberto/.m2/repository/org/springframework/spring-jdbc/5.1.8.RELEASE/spring-jdbc-5.1.8.RELEASE.jar
7f4eae179000-7f4eae17d000 r--s 00020000 08:01 1969752                    /home/roberto/.m2/repository/com/zaxxer/HikariCP/3.2.0/HikariCP-3.2.0.jar
7f4eae17d000-7f4eae17e000 r--s 00000000 08:01 146551                     /home/roberto/.m2/repository/org/springframework/boot/spring-boot-starter-jdbc/2.1.6.RELEASE/spring-boot-starter-jdbc-2.1.6.RELEASE.jar
7f4eae17e000-7f4eae197000 r--s 001da000 08:01 1969756                    /home/roberto/.m2/repository/org/aspectj/aspectjweaver/1.9.4/aspectjweaver-1.9.4.jar
7f4eae197000-7f4eae198000 r--s 00000000 08:01 146552                     /home/roberto/.m2/repository/org/springframework/boot/spring-boot-starter-aop/2.1.6.RELEASE/spring-boot-starter-aop-2.1.6.RELEASE.jar
7f4eae198000-7f4eae199000 r--s 00000000 08:01 146544                     /home/roberto/.m2/repository/org/springframework/boot/spring-boot-starter-data-jpa/2.1.6.RELEASE/spring-boot-starter-data-jpa-2.1.6.RELEASE.jar
7f4eae199000-7f4eae19e000 r--s 00040000 08:01 918278                     /home/roberto/.m2/repository/org/springframework/spring-expression/5.1.8.RELEASE/spring-expression-5.1.8.RELEASE.jar
7f4eae19e000-7f4eae1ad000 r--s 000b5000 08:01 1452301                    /home/roberto/.m2/repository/org/springframework/spring-webmvc/5.1.8.RELEASE/spring-webmvc-5.1.8.RELEASE.jar
7f4eae1ad000-7f4eae1c9000 r--s 00137000 08:01 1452297                    /home/roberto/.m2/repository/org/springframework/spring-web/5.1.8.RELEASE/spring-web-5.1.8.RELEASE.jar
7f4eae1c9000-7f4eae1ce000 r--s 0003c000 08:01 146546                     /home/roberto/.m2/repository/org/apache/tomcat/embed/tomcat-embed-websocket/9.0.21/tomcat-embed-websocket-9.0.21.jar
7f4eae1ce000-7f4eae1cf000 r--s 00000000 08:01 146540                     /home/roberto/.m2/repository/org/springframework/boot/spring-boot-starter-tomcat/2.1.6.RELEASE/spring-boot-starter-tomcat-2.1.6.RELEASE.jar
7f4eae1cf000-7f4eae1d1000 r--s 00001000 08:01 407938                     /home/roberto/.m2/repository/com/fasterxml/jackson/module/jackson-module-parameter-names/2.9.9/jackson-module-parameter-names-2.9.9.jar
7f4eae1d1000-7f4eae1d4000 r--s 00016000 08:01 407935                     /home/roberto/.m2/repository/com/fasterxml/jackson/datatype/jackson-datatype-jsr310/2.9.9/jackson-datatype-jsr310-2.9.9.jar
7f4eae1d4000-7f4eae1d6000 r--s 00007000 08:01 407831                     /home/roberto/.m2/repository/com/fasterxml/jackson/datatype/jackson-datatype-jdk8/2.9.9/jackson-datatype-jdk8-2.9.9.jar
7f4eae1d6000-7f4eae1da000 r--s 0004c000 08:01 276685                     /home/roberto/.m2/repository/com/fasterxml/jackson/core/jackson-core/2.9.9/jackson-core-2.9.9.jar
7f4eae1da000-7f4eae1dd000 r--s 0000e000 08:01 408182                     /home/roberto/.m2/repository/com/fasterxml/jackson/core/jackson-annotations/2.9.0/jackson-annotations-2.9.0.jar
7f4eae1dd000-7f4eae1f0000 r--s 00137000 08:01 276691                     /home/roberto/.m2/repository/com/fasterxml/jackson/core/jackson-databind/2.9.9/jackson-databind-2.9.9.jar
7f4eae1f0000-7f4eae1f1000 r--s 00000000 08:01 146538                     /home/roberto/.m2/repository/org/springframework/boot/spring-boot-starter-json/2.1.6.RELEASE/spring-boot-starter-json-2.1.6.RELEASE.jar
7f4eae1f1000-7f4eae1f2000 r--s 00000000 08:01 2098595                    /home/roberto/.m2/repository/org/springframework/boot/spring-boot-starter-web/2.1.6.RELEASE/spring-boot-starter-web-2.1.6.RELEASE.jar
7f4eae1f2000-7f4eae239000 r--s 002dd000 08:01 1972517                    /home/roberto/.m2/repository/net/bytebuddy/byte-buddy/1.9.13/byte-buddy-1.9.13.jar
7f4eae239000-7f4eae240000 r--s 00043000 08:01 1969814                    /home/roberto/.m2/repository/org/yaml/snakeyaml/1.23/snakeyaml-1.23.jar
7f4eae240000-7f4eae259000 r--s 00123000 08:01 918275                     /home/roberto/.m2/repository/org/springframework/spring-core/5.1.8.RELEASE/spring-core-5.1.8.RELEASE.jar
7f4eae259000-7f4eae25b000 r--s 00005000 08:01 132625                     /home/roberto/.m2/repository/javax/annotation/javax.annotation-api/1.3.2/javax.annotation-api-1.3.2.jar
7f4eae25b000-7f4eae25d000 r--s 00000000 08:01 1969809                    /home/roberto/.m2/repository/org/slf4j/jul-to-slf4j/1.7.26/jul-to-slf4j-1.7.26.jar
7f4eae25d000-7f4eae263000 r--s 0003c000 08:01 1969753                    /home/roberto/.m2/repository/org/apache/logging/log4j/log4j-api/2.11.2/log4j-api-2.11.2.jar
7f4eae263000-7f4eae265000 r--s 00003000 08:01 1969807                    /home/roberto/.m2/repository/org/apache/logging/log4j/log4j-to-slf4j/2.11.2/log4j-to-slf4j-2.11.2.jar
7f4eae265000-7f4eae270000 r--s 00069000 08:01 1969804                    /home/roberto/.m2/repository/ch/qos/logback/logback-core/1.2.3/logback-core-1.2.3.jar
7f4eae270000-7f4eae276000 r--s 00041000 08:01 1969800                    /home/roberto/.m2/repository/ch/qos/logback/logback-classic/1.2.3/logback-classic-1.2.3.jar
7f4eae276000-7f4eae29a000 r--s 00110000 08:01 1972514                    /home/roberto/.m2/repository/org/springframework/boot/spring-boot-autoconfigure/2.1.6.RELEASE/spring-boot-autoconfigure-2.1.6.RELEASE.jar
7f4eae29a000-7f4eae2af000 r--s 000d4000 08:01 1972498                    /home/roberto/.m2/repository/org/springframework/boot/spring-boot/2.1.6.RELEASE/spring-boot-2.1.6.RELEASE.jar
7f4eae2af000-7f4eae2c2000 r--s 00345000 08:01 2110004                    /usr/lib/jvm/java-8-oracle/jre/lib/resources.jar
7f4eae2c2000-7f4eae2d5000 r--s 000d6000 08:01 2109985                    /usr/lib/jvm/java-8-oracle/jre/lib/plugin.jar
7f4eae2d5000-7f4eae2da000 r--s 000a0000 08:01 2110005                    /usr/lib/jvm/java-8-oracle/jre/lib/jsse.jar
7f4eae2da000-7f4eae2e4000 r--s 0006e000 08:01 2109981                    /usr/lib/jvm/java-8-oracle/jre/lib/javaws.jar
7f4eae2e4000-7f4eae2ff000 r--s 0020c000 08:01 2109972                    /usr/lib/jvm/java-8-oracle/jre/lib/deploy.jar
7f4eae2ff000-7f4eae302000 ---p 00000000 00:00 0 
7f4eae302000-7f4eae400000 rw-p 00000000 00:00 0 
7f4eae400000-7f4eaef00000 r--p 00000000 08:01 531141                     /usr/lib/locale/locale-archive
7f4eaef00000-7f4eb1000000 rw-p 00000000 00:00 0 
7f4eb1000000-7f4eb17e0000 rwxp 00000000 00:00 0 
7f4eb17e0000-7f4ec0000000 ---p 00000000 00:00 0 
7f4ec0000000-7f4ec103f000 rw-p 00000000 00:00 0 
7f4ec103f000-7f4ec4000000 ---p 00000000 00:00 0 
7f4ec4000000-7f4ec4001000 r--s 00005000 08:01 918285                     /home/roberto/.m2/repository/org/springframework/spring-jcl/5.1.8.RELEASE/spring-jcl-5.1.8.RELEASE.jar
7f4ec4001000-7f4ec4002000 r--s 00000000 08:01 1972496                    /home/roberto/.m2/repository/org/springframework/boot/spring-boot-starter-logging/2.1.6.RELEASE/spring-boot-starter-logging-2.1.6.RELEASE.jar
7f4ec4002000-7f4ec4003000 r--s 00000000 08:01 1972506                    /home/roberto/.m2/repository/org/springframework/boot/spring-boot-starter/2.1.6.RELEASE/spring-boot-starter-2.1.6.RELEASE.jar
7f4ec4003000-7f4ec4008000 r--s 00084000 08:01 2109971                    /usr/lib/jvm/java-8-oracle/jre/lib/jfr.jar
7f4ec4008000-7f4ec400b000 ---p 00000000 00:00 0 
7f4ec400b000-7f4ec4109000 rw-p 00000000 00:00 0 
7f4ec4109000-7f4ec410c000 ---p 00000000 00:00 0 
7f4ec410c000-7f4ec420a000 rw-p 00000000 00:00 0 
7f4ec420a000-7f4ec420b000 ---p 00000000 00:00 0 
7f4ec420b000-7f4ec4f66000 rw-p 00000000 00:00 0 
7f4ec4f66000-7f4ec5140000 r--s 03d6c000 08:01 2110000                    /usr/lib/jvm/java-8-oracle/jre/lib/rt.jar
7f4ec5140000-7f4ec5b50000 rw-p 00000000 00:00 0 
7f4ec5b50000-7f4ec5b51000 ---p 00000000 00:00 0 
7f4ec5b51000-7f4ec5c51000 rw-p 00000000 00:00 0 
7f4ec5c51000-7f4ec5c52000 ---p 00000000 00:00 0 
7f4ec5c52000-7f4ec5d52000 rw-p 00000000 00:00 0 
7f4ec5d52000-7f4ec5d53000 ---p 00000000 00:00 0 
7f4ec5d53000-7f4ec5e71000 rw-p 00000000 00:00 0 
7f4ec5e71000-7f4ec5fb3000 ---p 00000000 00:00 0 
7f4ec5fb3000-7f4ec5fd1000 rw-p 00000000 00:00 0 
7f4ec5fd1000-7f4ec6113000 ---p 00000000 00:00 0 
7f4ec6113000-7f4ec6161000 rw-p 00000000 00:00 0 
7f4ec6161000-7f4ec61c3000 ---p 00000000 00:00 0 
7f4ec61c3000-7f4ec61e4000 rw-p 00000000 00:00 0 
7f4ec61e4000-7f4ec6584000 ---p 00000000 00:00 0 
7f4ec6584000-7f4ec659e000 r-xp 00000000 08:01 2110111                    /usr/lib/jvm/java-8-oracle/jre/lib/amd64/libzip.so
7f4ec659e000-7f4ec679e000 ---p 0001a000 08:01 2110111                    /usr/lib/jvm/java-8-oracle/jre/lib/amd64/libzip.so
7f4ec679e000-7f4ec679f000 r--p 0001a000 08:01 2110111                    /usr/lib/jvm/java-8-oracle/jre/lib/amd64/libzip.so
7f4ec679f000-7f4ec67a0000 rw-p 0001b000 08:01 2110111                    /usr/lib/jvm/java-8-oracle/jre/lib/amd64/libzip.so
7f4ec67a0000-7f4ec67ab000 r-xp 00000000 08:01 661138                     /lib/x86_64-linux-gnu/libnss_files-2.27.so
7f4ec67ab000-7f4ec69aa000 ---p 0000b000 08:01 661138                     /lib/x86_64-linux-gnu/libnss_files-2.27.so
7f4ec69aa000-7f4ec69ab000 r--p 0000a000 08:01 661138                     /lib/x86_64-linux-gnu/libnss_files-2.27.so
7f4ec69ab000-7f4ec69ac000 rw-p 0000b000 08:01 661138                     /lib/x86_64-linux-gnu/libnss_files-2.27.so
7f4ec69ac000-7f4ec69b2000 rw-p 00000000 00:00 0 
7f4ec69b2000-7f4ec69c9000 r-xp 00000000 08:01 661132                     /lib/x86_64-linux-gnu/libnsl-2.27.so
7f4ec69c9000-7f4ec6bc8000 ---p 00017000 08:01 661132                     /lib/x86_64-linux-gnu/libnsl-2.27.so
7f4ec6bc8000-7f4ec6bc9000 r--p 00016000 08:01 661132                     /lib/x86_64-linux-gnu/libnsl-2.27.so
7f4ec6bc9000-7f4ec6bca000 rw-p 00017000 08:01 661132                     /lib/x86_64-linux-gnu/libnsl-2.27.so
7f4ec6bca000-7f4ec6bcc000 rw-p 00000000 00:00 0 
7f4ec6bcc000-7f4ec6bd7000 r-xp 00000000 08:01 661149                     /lib/x86_64-linux-gnu/libnss_nis-2.27.so
7f4ec6bd7000-7f4ec6dd6000 ---p 0000b000 08:01 661149                     /lib/x86_64-linux-gnu/libnss_nis-2.27.so
7f4ec6dd6000-7f4ec6dd7000 r--p 0000a000 08:01 661149                     /lib/x86_64-linux-gnu/libnss_nis-2.27.so
7f4ec6dd7000-7f4ec6dd8000 rw-p 0000b000 08:01 661149                     /lib/x86_64-linux-gnu/libnss_nis-2.27.so
7f4ec6dd8000-7f4ec6de0000 r-xp 00000000 08:01 661134                     /lib/x86_64-linux-gnu/libnss_compat-2.27.so
7f4ec6de0000-7f4ec6fe0000 ---p 00008000 08:01 661134                     /lib/x86_64-linux-gnu/libnss_compat-2.27.so
7f4ec6fe0000-7f4ec6fe1000 r--p 00008000 08:01 661134                     /lib/x86_64-linux-gnu/libnss_compat-2.27.so
7f4ec6fe1000-7f4ec6fe2000 rw-p 00009000 08:01 661134                     /lib/x86_64-linux-gnu/libnss_compat-2.27.so
7f4ec6fe2000-7f4ec6fec000 r-xp 00000000 08:01 2110120                    /usr/lib/jvm/java-8-oracle/jre/lib/amd64/libinstrument.so
7f4ec6fec000-7f4ec71eb000 ---p 0000a000 08:01 2110120                    /usr/lib/jvm/java-8-oracle/jre/lib/amd64/libinstrument.so
7f4ec71eb000-7f4ec71ec000 r--p 00009000 08:01 2110120                    /usr/lib/jvm/java-8-oracle/jre/lib/amd64/libinstrument.so
7f4ec71ec000-7f4ec71ed000 rw-p 0000a000 08:01 2110120                    /usr/lib/jvm/java-8-oracle/jre/lib/amd64/libinstrument.so
7f4ec71ed000-7f4ec721a000 r-xp 00000000 08:01 2110105                    /usr/lib/jvm/java-8-oracle/jre/lib/amd64/libjava.so
7f4ec721a000-7f4ec7419000 ---p 0002d000 08:01 2110105                    /usr/lib/jvm/java-8-oracle/jre/lib/amd64/libjava.so
7f4ec7419000-7f4ec741a000 r--p 0002c000 08:01 2110105                    /usr/lib/jvm/java-8-oracle/jre/lib/amd64/libjava.so
7f4ec741a000-7f4ec741c000 rw-p 0002d000 08:01 2110105                    /usr/lib/jvm/java-8-oracle/jre/lib/amd64/libjava.so
7f4ec741c000-7f4ec7429000 r-xp 00000000 08:01 2110110                    /usr/lib/jvm/java-8-oracle/jre/lib/amd64/libverify.so
7f4ec7429000-7f4ec7628000 ---p 0000d000 08:01 2110110                    /usr/lib/jvm/java-8-oracle/jre/lib/amd64/libverify.so
7f4ec7628000-7f4ec762a000 r--p 0000c000 08:01 2110110                    /usr/lib/jvm/java-8-oracle/jre/lib/amd64/libverify.so
7f4ec762a000-7f4ec762b000 rw-p 0000e000 08:01 2110110                    /usr/lib/jvm/java-8-oracle/jre/lib/amd64/libverify.so
7f4ec762b000-7f4ec7632000 r-xp 00000000 08:01 661189                     /lib/x86_64-linux-gnu/librt-2.27.so
7f4ec7632000-7f4ec7831000 ---p 00007000 08:01 661189                     /lib/x86_64-linux-gnu/librt-2.27.so
7f4ec7831000-7f4ec7832000 r--p 00006000 08:01 661189                     /lib/x86_64-linux-gnu/librt-2.27.so
7f4ec7832000-7f4ec7833000 rw-p 00007000 08:01 661189                     /lib/x86_64-linux-gnu/librt-2.27.so
7f4ec7833000-7f4ec79d0000 r-xp 00000000 08:01 661111                     /lib/x86_64-linux-gnu/libm-2.27.so
7f4ec79d0000-7f4ec7bcf000 ---p 0019d000 08:01 661111                     /lib/x86_64-linux-gnu/libm-2.27.so
7f4ec7bcf000-7f4ec7bd0000 r--p 0019c000 08:01 661111                     /lib/x86_64-linux-gnu/libm-2.27.so
7f4ec7bd0000-7f4ec7bd1000 rw-p 0019d000 08:01 661111                     /lib/x86_64-linux-gnu/libm-2.27.so
7f4ec7bd1000-7f4ec88b3000 r-xp 00000000 08:01 2110131                    /usr/lib/jvm/java-8-oracle/jre/lib/amd64/server/libjvm.so
7f4ec88b3000-7f4ec8ab3000 ---p 00ce2000 08:01 2110131                    /usr/lib/jvm/java-8-oracle/jre/lib/amd64/server/libjvm.so
7f4ec8ab3000-7f4ec8b49000 r--p 00ce2000 08:01 2110131                    /usr/lib/jvm/java-8-oracle/jre/lib/amd64/server/libjvm.so
7f4ec8b49000-7f4ec8b7a000 rw-p 00d78000 08:01 2110131                    /usr/lib/jvm/java-8-oracle/jre/lib/amd64/server/libjvm.so
7f4ec8b7a000-7f4ec8bb5000 rw-p 00000000 00:00 0 
7f4ec8bb5000-7f4ec8d9c000 r-xp 00000000 08:01 661048                     /lib/x86_64-linux-gnu/libc-2.27.so
7f4ec8d9c000-7f4ec8f9c000 ---p 001e7000 08:01 661048                     /lib/x86_64-linux-gnu/libc-2.27.so
7f4ec8f9c000-7f4ec8fa0000 r--p 001e7000 08:01 661048                     /lib/x86_64-linux-gnu/libc-2.27.so
7f4ec8fa0000-7f4ec8fa2000 rw-p 001eb000 08:01 661048                     /lib/x86_64-linux-gnu/libc-2.27.so
7f4ec8fa2000-7f4ec8fa6000 rw-p 00000000 00:00 0 
7f4ec8fa6000-7f4ec8fa9000 r-xp 00000000 08:01 661071                     /lib/x86_64-linux-gnu/libdl-2.27.so
7f4ec8fa9000-7f4ec91a8000 ---p 00003000 08:01 661071                     /lib/x86_64-linux-gnu/libdl-2.27.so
7f4ec91a8000-7f4ec91a9000 r--p 00002000 08:01 661071                     /lib/x86_64-linux-gnu/libdl-2.27.so
7f4ec91a9000-7f4ec91aa000 rw-p 00003000 08:01 661071                     /lib/x86_64-linux-gnu/libdl-2.27.so
7f4ec91aa000-7f4ec91c1000 r-xp 00000000 08:01 1192071                    /usr/lib/jvm/java-8-oracle/lib/amd64/jli/libjli.so
7f4ec91c1000-7f4ec93c0000 ---p 00017000 08:01 1192071                    /usr/lib/jvm/java-8-oracle/lib/amd64/jli/libjli.so
7f4ec93c0000-7f4ec93c1000 r--p 00016000 08:01 1192071                    /usr/lib/jvm/java-8-oracle/lib/amd64/jli/libjli.so
7f4ec93c1000-7f4ec93c2000 rw-p 00017000 08:01 1192071                    /usr/lib/jvm/java-8-oracle/lib/amd64/jli/libjli.so
7f4ec93c2000-7f4ec93dc000 r-xp 00000000 08:01 661181                     /lib/x86_64-linux-gnu/libpthread-2.27.so
7f4ec93dc000-7f4ec95db000 ---p 0001a000 08:01 661181                     /lib/x86_64-linux-gnu/libpthread-2.27.so
7f4ec95db000-7f4ec95dc000 r--p 00019000 08:01 661181                     /lib/x86_64-linux-gnu/libpthread-2.27.so
7f4ec95dc000-7f4ec95dd000 rw-p 0001a000 08:01 661181                     /lib/x86_64-linux-gnu/libpthread-2.27.so
7f4ec95dd000-7f4ec95e1000 rw-p 00000000 00:00 0 
7f4ec95e1000-7f4ec9608000 r-xp 00000000 08:01 661020                     /lib/x86_64-linux-gnu/ld-2.27.so
7f4ec9608000-7f4ec9609000 r--s 00000000 08:01 2109978                    /usr/lib/jvm/java-8-oracle/jre/lib/management-agent.jar
7f4ec9609000-7f4ec96ef000 rw-p 00000000 00:00 0 
7f4ec96ef000-7f4ec96f0000 ---p 00000000 00:00 0 
7f4ec96f0000-7f4ec96f3000 ---p 00000000 00:00 0 
7f4ec96f3000-7f4ec97f4000 rw-p 00000000 00:00 0 
7f4ec97f4000-7f4ec97f6000 r--s 00007000 08:01 2110013                    /usr/lib/jvm/java-8-oracle/jre/lib/jfxswt.jar
7f4ec97f6000-7f4ec97f9000 r--s 0001a000 08:01 2110011                    /usr/lib/jvm/java-8-oracle/jre/lib/jce.jar
7f4ec97f9000-7f4ec97fe000 r--s 002f9000 08:01 2109998                    /usr/lib/jvm/java-8-oracle/jre/lib/charsets.jar
7f4ec97fe000-7f4ec9806000 rw-s 00000000 08:01 2098594                    /tmp/hsperfdata_roberto/23768
7f4ec9806000-7f4ec9807000 rw-p 00000000 00:00 0 
7f4ec9807000-7f4ec9808000 ---p 00000000 00:00 0 
7f4ec9808000-7f4ec9809000 r--p 00027000 08:01 661020                     /lib/x86_64-linux-gnu/ld-2.27.so
7f4ec9809000-7f4ec980a000 rw-p 00028000 08:01 661020                     /lib/x86_64-linux-gnu/ld-2.27.so
7f4ec980a000-7f4ec980b000 rw-p 00000000 00:00 0 
7ffe735a3000-7ffe735c6000 rw-p 00000000 00:00 0                          [stack]
7ffe735df000-7ffe735e2000 r--p 00000000 00:00 0                          [vvar]
7ffe735e2000-7ffe735e4000 r-xp 00000000 00:00 0                          [vdso]
ffffffffff600000-ffffffffff601000 r-xp 00000000 00:00 0                  [vsyscall]

VM Arguments:
jvm_args: -XX:TieredStopAtLevel=1 -Xverify:none -Dspring.output.ansi.enabled=always -Dcom.sun.management.jmxremote -Dspring.liveBeansView.mbeanDomain -Dspring.application.admin.enabled=true -javaagent:/home/roberto/Desktop/ideaIU-2018.2.6/idea-IU-182.5107.16/lib/idea_rt.jar=41579:/home/roberto/Desktop/ideaIU-2018.2.6/idea-IU-182.5107.16/bin -Dfile.encoding=UTF-8 
java_command: pl.coderslab.IntraCarLease.IntraCarLeaseApplication
java_class_path (initial): /usr/lib/jvm/java-8-oracle/jre/lib/charsets.jar:/usr/lib/jvm/java-8-oracle/jre/lib/deploy.jar:/usr/lib/jvm/java-8-oracle/jre/lib/ext/cldrdata.jar:/usr/lib/jvm/java-8-oracle/jre/lib/ext/dnsns.jar:/usr/lib/jvm/java-8-oracle/jre/lib/ext/jaccess.jar:/usr/lib/jvm/java-8-oracle/jre/lib/ext/jfxrt.jar:/usr/lib/jvm/java-8-oracle/jre/lib/ext/localedata.jar:/usr/lib/jvm/java-8-oracle/jre/lib/ext/nashorn.jar:/usr/lib/jvm/java-8-oracle/jre/lib/ext/sunec.jar:/usr/lib/jvm/java-8-oracle/jre/lib/ext/sunjce_provider.jar:/usr/lib/jvm/java-8-oracle/jre/lib/ext/sunpkcs11.jar:/usr/lib/jvm/java-8-oracle/jre/lib/ext/zipfs.jar:/usr/lib/jvm/java-8-oracle/jre/lib/javaws.jar:/usr/lib/jvm/java-8-oracle/jre/lib/jce.jar:/usr/lib/jvm/java-8-oracle/jre/lib/jfr.jar:/usr/lib/jvm/java-8-oracle/jre/lib/jfxswt.jar:/usr/lib/jvm/java-8-oracle/jre/lib/jsse.jar:/usr/lib/jvm/java-8-oracle/jre/lib/management-agent.jar:/usr/lib/jvm/java-8-oracle/jre/lib/plugin.jar:/usr/lib/jvm/java-8-oracle/jre/lib/resources.jar:/usr/lib/jvm/java-8-oracle/jre/lib/rt.jar:/home/roberto/IntraCarLease/target/classes:/home/roberto/.m2/repository/org/springframework/boot/spring-boot-starter/2.1.6.RELEASE/spring-boot-starter-2.1.6.RELEASE.jar:/home/roberto/.m2/repository/org/springframework/boot/spring-boot/2.1.6.RELEASE/spring-boot-2.1.6.RELEASE.jar:/home/roberto/.m2/repository/org/springframework/boot/spring-boot-autoconfigure/2.1.6.RELEASE/spring-boot-autoconfigure-2.1.6.RELEASE.jar:/home/roberto/.m2/repository/org/springframework/boot/spring-boot-starter-logging/2.1.6.RELEASE/spring-boot-starter-logging-2.1.6.RELEASE.jar:/home/roberto/.m2/repository/ch/qos/logback/logback-classic/1.2.3/logback-classic-1.2.3.jar:/home/roberto/.m2/repository/ch/qos/logback/logback-core/1.2.3/logback-core-1.2.3.jar:/home/roberto/.m2/repository/org/apache/logging/log4j/log4j-to-slf4j/2.11.2/log4j-to-slf4j-2.11.2.jar:/home/roberto/.m2/repository/org/apache/logging/log4j/log4j-api/2.11.2/log4j-api-2.11.2.jar:/home/roberto/.
Launcher Type: SUN_STANDARD

Environment Variables:
JAVA_HOME=/usr/lib/jvm/java-8-oracle
PATH=/usr/local/sbin:/usr/local/bin:/usr/sbin:/usr/bin:/sbin:/bin:/usr/games:/usr/local/games:/snap/bin:/usr/lib/jvm/java-8-oracle/bin:/usr/lib/jvm/java-8-oracle/db/bin:/usr/lib/jvm/java-8-oracle/jre/bin
USERNAME=roberto
SHELL=/bin/bash
DISPLAY=:0

Signal Handlers:
SIGSEGV: [libjvm.so+0xaced60], sa_mask[0]=11111111011111111101111111111110, sa_flags=SA_RESTART|SA_SIGINFO
SIGBUS: [libjvm.so+0xaced60], sa_mask[0]=11111111011111111101111111111110, sa_flags=SA_RESTART|SA_SIGINFO
SIGFPE: [libjvm.so+0x907ca0], sa_mask[0]=11111111011111111101111111111110, sa_flags=SA_RESTART|SA_SIGINFO
SIGPIPE: [libjvm.so+0x907ca0], sa_mask[0]=11111111011111111101111111111110, sa_flags=SA_RESTART|SA_SIGINFO
SIGXFSZ: [libjvm.so+0x907ca0], sa_mask[0]=11111111011111111101111111111110, sa_flags=SA_RESTART|SA_SIGINFO
SIGILL: [libjvm.so+0x907ca0], sa_mask[0]=11111111011111111101111111111110, sa_flags=SA_RESTART|SA_SIGINFO
SIGUSR1: SIG_DFL, sa_mask[0]=00000000000000000000000000000000, sa_flags=none
SIGUSR2: [libjvm.so+0x907b70], sa_mask[0]=00100000000000000000000000000000, sa_flags=SA_RESTART|SA_SIGINFO
SIGHUP: [libjvm.so+0x908190], sa_mask[0]=11111111011111111101111111111110, sa_flags=SA_RESTART|SA_SIGINFO
SIGINT: [libjvm.so+0x908190], sa_mask[0]=11111111011111111101111111111110, sa_flags=SA_RESTART|SA_SIGINFO
SIGTERM: [libjvm.so+0x908190], sa_mask[0]=11111111011111111101111111111110, sa_flags=SA_RESTART|SA_SIGINFO
SIGQUIT: [libjvm.so+0x908190], sa_mask[0]=11111111011111111101111111111110, sa_flags=SA_RESTART|SA_SIGINFO


---------------  S Y S T E M  ---------------

OS:DISTRIB_ID=Ubuntu
DISTRIB_RELEASE=18.04
DISTRIB_CODENAME=bionic
DISTRIB_DESCRIPTION="Ubuntu 18.04.1 LTS"

uname:Linux 4.15.0-51-generic #55-Ubuntu SMP Wed May 15 14:27:21 UTC 2019 x86_64
libc:glibc 2.27 NPTL 2.27 
rlimit: STACK 8192k, CORE 0k, NPROC 16638, NOFILE 1048576, AS infinity
load average:3,86 1,47 1,02

/proc/meminfo:
MemTotal:        4320936 kB
MemFree:           85592 kB
MemAvailable:          0 kB
Buffers:             460 kB
Cached:            95212 kB
SwapCached:         1712 kB
Active:          3337000 kB
Inactive:         671936 kB
Active(anon):    3331392 kB
Inactive(anon):   666320 kB
Active(file):       5608 kB
Inactive(file):     5616 kB
Unevictable:          40 kB
Mlocked:              40 kB
SwapTotal:       1697968 kB
SwapFree:              0 kB
Dirty:                28 kB
Writeback:            88 kB
AnonPages:       3912036 kB
Mapped:            93236 kB
Shmem:             84116 kB
Slab:              80704 kB
SReclaimable:      32340 kB
SUnreclaim:        48364 kB
KernelStack:       15408 kB
PageTables:        61812 kB
NFS_Unstable:          0 kB
Bounce:                0 kB
WritebackTmp:          0 kB
CommitLimit:     3858436 kB
Committed_AS:   11073104 kB
VmallocTotal:   34359738367 kB
VmallocUsed:           0 kB
VmallocChunk:          0 kB
HardwareCorrupted:     0 kB
AnonHugePages:         0 kB
ShmemHugePages:        0 kB
ShmemPmdMapped:        0 kB
CmaTotal:              0 kB
CmaFree:               0 kB
HugePages_Total:       0
HugePages_Free:        0
HugePages_Rsvd:        0
HugePages_Surp:        0
Hugepagesize:       2048 kB
DirectMap4k:      216000 kB
DirectMap2M:     4265984 kB

container (cgroup) information:
container_type: cgroupv1
cpu_cpuset_cpus: 0-2
cpu_memory_nodes: 0
active_processor_count: 3
cpu_quota: -1
cpu_period: 100000
cpu_shares: -1
memory_limit_in_bytes: -1
memory_and_swap_limit_in_bytes: -2
memory_soft_limit_in_bytes: -1
memory_usage_in_bytes: 4108095488
memory_max_usage_in_bytes: 11771904


CPU:total 3 (initial active 3) (3 cores per cpu, 1 threads per core) family 6 model 142 stepping 10, cmov, cx8, fxsr, mmx, sse, sse2, sse3, ssse3, sse4.1, sse4.2, popcnt, avx, avx2, aes, clmul, 3dnowpref, lzcnt, tsc, tscinvbit

/proc/cpuinfo:
processor	: 0
vendor_id	: GenuineIntel
cpu family	: 6
model		: 142
model name	: Intel(R) Core(TM) i5-8250U CPU @ 1.60GHz
stepping	: 10
cpu MHz		: 1800.002
cache size	: 6144 KB
physical id	: 0
siblings	: 3
core id		: 0
cpu cores	: 3
apicid		: 0
initial apicid	: 0
fpu		: yes
fpu_exception	: yes
cpuid level	: 22
wp		: yes
flags		: fpu vme de pse tsc msr pae mce cx8 apic sep mtrr pge mca cmov pat pse36 clflush mmx fxsr sse sse2 ht syscall nx rdtscp lm constant_tsc rep_good nopl xtopology nonstop_tsc cpuid tsc_known_freq pni pclmulqdq ssse3 cx16 pcid sse4_1 sse4_2 x2apic movbe popcnt aes xsave avx rdrand hypervisor lahf_lm abm 3dnowprefetch invpcid_single pti fsgsbase avx2 invpcid rdseed clflushopt
bugs		: cpu_meltdown spectre_v1 spectre_v2 spec_store_bypass l1tf mds
bogomips	: 3600.00
clflush size	: 64
cache_alignment	: 64
address sizes	: 39 bits physical, 48 bits virtual
power management:

processor	: 1
vendor_id	: GenuineIntel
cpu family	: 6
model		: 142
model name	: Intel(R) Core(TM) i5-8250U CPU @ 1.60GHz
stepping	: 10
cpu MHz		: 1800.002
cache size	: 6144 KB
physical id	: 0
siblings	: 3
core id		: 1
cpu cores	: 3
apicid		: 1
initial apicid	: 1
fpu		: yes
fpu_exception	: yes
cpuid level	: 22
wp		: yes
flags		: fpu vme de pse tsc msr pae mce cx8 apic sep mtrr pge mca cmov pat pse36 clflush mmx fxsr sse sse2 ht syscall nx rdtscp lm constant_tsc rep_good nopl xtopology nonstop_tsc cpuid tsc_known_freq pni pclmulqdq ssse3 cx16 pcid sse4_1 sse4_2 x2apic movbe popcnt aes xsave avx rdrand hypervisor lahf_lm abm 3dnowprefetch invpcid_single pti fsgsbase avx2 invpcid rdseed clflushopt
bugs		: cpu_meltdown spectre_v1 spectre_v2 spec_store_bypass l1tf mds
bogomips	: 3600.00
clflush size	: 64
cache_alignment	: 64
address sizes	: 39 bits physical, 48 bits virtual
power management:

processor	: 2
vendor_id	: GenuineIntel
cpu family	: 6
model		: 142
model name	: Intel(R) Core(TM) i5-8250U CPU @ 1.60GHz
stepping	: 10
cpu MHz		: 1800.002
cache size	: 6144 KB
physical id	: 0
siblings	: 3
core id		: 2
cpu cores	: 3
apicid		: 2
initial apicid	: 2
fpu		: yes
fpu_exception	: yes
cpuid level	: 22
wp		: yes
flags		: fpu vme de pse tsc msr pae mce cx8 apic sep mtrr pge mca cmov pat pse36 clflush mmx fxsr sse sse2 ht syscall nx rdtscp lm constant_tsc rep_good nopl xtopology nonstop_tsc cpuid tsc_known_freq pni pclmulqdq ssse3 cx16 pcid sse4_1 sse4_2 x2apic movbe popcnt aes xsave avx rdrand hypervisor lahf_lm abm 3dnowprefetch invpcid_single pti fsgsbase avx2 invpcid rdseed clflushopt
bugs		: cpu_meltdown spectre_v1 spectre_v2 spec_store_bypass l1tf mds
bogomips	: 3600.00
clflush size	: 64
cache_alignment	: 64
address sizes	: 39 bits physical, 48 bits virtual
power management:



Memory: 4k page, physical 4320936k(86956k free), swap 1697968k(0k free)

vm_info: Java HotSpot(TM) 64-Bit Server VM (25.191-b12) for linux-amd64 JRE (1.8.0_191-b12), built on Oct  6 2018 05:43:09 by "java_re" with gcc 7.3.0

time: Sun Jun 30 16:42:43 2019
elapsed time: 29 seconds (0d 0h 0m 29s)

